<?xml version="1.0" encoding="UTF-8"?>
<testng-results skipped="0" failed="0" ignored="0" total="2" passed="2">
  <reporter-output>
  </reporter-output>
  <suite name="Default suite" duration-ms="25905" started-at="2017-10-27T15:43:20Z" finished-at="2017-10-27T15:43:46Z">
    <groups>
    </groups>
    <test name="Default test" duration-ms="25905" started-at="2017-10-27T15:43:20Z" finished-at="2017-10-27T15:43:46Z">
      <class name="com.project.SuiteOne.SuiteOneCaseOne">
        <test-method status="PASS" signature="runFirst()[pri:0, instance:com.project.SuiteOne.SuiteOneCaseOne@14acaea5]" name="runFirst" is-config="true" duration-ms="16264" started-at="2017-10-27T11:43:20Z" finished-at="2017-10-27T11:43:36Z">
          <reporter-output>
          </reporter-output>
        </test-method> <!-- runFirst -->
        <test-method status="PASS" signature="newrun()[pri:0, instance:com.project.SuiteOne.SuiteOneCaseOne@14acaea5]" name="newrun" duration-ms="6043" started-at="2017-10-27T11:43:36Z" finished-at="2017-10-27T11:43:42Z">
          <reporter-output>
          </reporter-output>
        </test-method> <!-- newrun -->
        <test-method status="PASS" signature="techingfaculty()[pri:0, instance:com.project.SuiteOne.SuiteOneCaseOne@14acaea5]" name="techingfaculty" duration-ms="1378" started-at="2017-10-27T11:43:42Z" finished-at="2017-10-27T11:43:43Z">
          <reporter-output>
          </reporter-output>
        </test-method> <!-- techingfaculty -->
        <test-method status="PASS" signature="tearDown()[pri:0, instance:com.project.SuiteOne.SuiteOneCaseOne@14acaea5]" name="tearDown" is-config="true" duration-ms="2195" started-at="2017-10-27T11:43:43Z" finished-at="2017-10-27T11:43:46Z">
          <reporter-output>
          </reporter-output>
        </test-method> <!-- tearDown -->
      </class> <!-- com.project.SuiteOne.SuiteOneCaseOne -->
    </test> <!-- Default test -->
  </suite> <!-- Default suite -->
</testng-results>
